<?xml version="1.0" encoding="UTF-8"?>
<testsuites name="New Test Suite" time="36" tests="0" failures="1" errors="0">
   <testsuite name="New Test Suite" tests="0" failures="1" errors="0" time="36" timestamp="2018-02-07 18:52:33" hostname="arsalan - ArsalanMushtaq.edevtech.com" id="Test Suites/New Test Suite">
      <properties>
         <property name="deviceName" value=""/>
         <property name="devicePlatform" value=""/>
         <property name="logFolder" value="C:\\Users\\arsalan\\Katalon Studio\\test 2\\Reports\\New Test Suite\\20180207_185225"/>
         <property name="logFiles" value="C:\\Users\\arsalan\\Katalon Studio\\test 2\\Reports\\New Test Suite\\20180207_185225\\execution0.log"/>
         <property name="attachments" value=""/>
         <property name="hostName" value="arsalan - ArsalanMushtaq.edevtech.com"/>
         <property name="os" value="Windows 10 64bit"/>
         <property name="katalonVersion" value="5.3.0.1"/>
         <property name="browser" value="Firefox 57.0"/>
         <property name="hostAddress" value="192.168.117.1"/>
         <property name="sessionId" value="6afb02e7-20b3-40ff-a198-2822b7404b01"/>
         <property name="seleniumVersion" value="3.7.1"/>
         <property name="proxyInformation" value="ProxyInformation{proxyOption=NO_PROXY, proxyServerType=HTTP, password=, proxyServerAddress=, proxyServerPort=0}"/>
         <property name="platform" value="Windows 10"/>
      </properties>
      <testcase name="Test Cases/Common Test Cases/login from VSTS" classname="Test Cases/Common Test Cases/login from VSTS" status="FAILED">
         <failure type="FAILED" message="Unable to set text 'inte1GREAT' of object 'Object Repository/VSTS login/Page_Sign in to your Microsoft acco/input_passwd' (Root cause: org.openqa.selenium.WebDriverException: Failed to decode response from marionette
Build info: version: '3.7.1', revision: '8a0099a', time: '2017-11-06T21:07:36.161Z'
System info: host: 'ARSALANMUSHTAQ', ip: '192.168.117.1', os.name: 'Windows 10', os.arch: 'amd64', os.version: '10.0', java.version: '1.8.0_102'
Driver info: com.kms.katalon.core.webui.driver.firefox.CGeckoDriver
Capabilities {acceptInsecureCerts: true, browserName: firefox, browserVersion: 57.0.4, javascriptEnabled: true, moz:accessibilityChecks: false, moz:headless: false, moz:processID: 17228, moz:profile: C:\Users\arsalan\AppData\Lo..., moz:webdriverClick: false, pageLoadStrategy: normal, platform: XP, platformName: XP, platformVersion: 10.0, proxy: Proxy(direct), rotatable: false, timeouts: {implicit: 0, pageLoad: 300000, script: 30000}}
Session ID: 6afb02e7-20b3-40ff-a198-2822b7404b01
*** Element info: {Using=xpath, value=//input[@name = 'passwd' and @type = 'password' and @id = 'i0118' and @placeholder = 'Password']})"/>
         <system-out><![CDATA[2018-02-07 18:52:33 - [TEST_CASE][FAILED] - Test Cases/Common Test Cases/login from VSTS: Test Cases/Common Test Cases/login from VSTS FAILED because (of) Unable to set text 'inte1GREAT' of object 'Object Repository/VSTS login/Page_Sign in to your Microsoft acco/input_passwd' (Root cause: org.openqa.selenium.WebDriverException: Failed to decode response from marionette
Build info: version: '3.7.1', revision: '8a0099a', time: '2017-11-06T21:07:36.161Z'
System info: host: 'ARSALANMUSHTAQ', ip: '192.168.117.1', os.name: 'Windows 10', os.arch: 'amd64', os.version: '10.0', java.version: '1.8.0_102'
Driver info: com.kms.katalon.core.webui.driver.firefox.CGeckoDriver
Capabilities {acceptInsecureCerts: true, browserName: firefox, browserVersion: 57.0.4, javascriptEnabled: true, moz:accessibilityChecks: false, moz:headless: false, moz:processID: 17228, moz:profile: C:\Users\arsalan\AppData\Lo..., moz:webdriverClick: false, pageLoadStrategy: normal, platform: XP, platformName: XP, platformVersion: 10.0, proxy: Proxy(direct), rotatable: false, timeouts: {implicit: 0, pageLoad: 300000, script: 30000}}
Session ID: 6afb02e7-20b3-40ff-a198-2822b7404b01
*** Element info: {Using=xpath, value=//input[@name = 'passwd' and @type = 'password' and @id = 'i0118' and @placeholder = 'Password']})

2018-02-07 18:52:34 - [TEST_STEP][PASSED] - openBrowser: Browser is opened with url: ''

2018-02-07 18:52:53 - [MESSAGE][PASSED] - Browser is opened with url: ''

2018-02-07 18:52:53 - [TEST_STEP][PASSED] - navigateToUrl: Navigate to 'https://app.vssps.visualstudio.com/_signin?realm=easyedsaad.visualstudio.com&reply_to=https%3A%2F%2Feasyedsaad.visualstudio.com%2F_projects&redirect=1&context=eyJodCI6MiwiaGlkIjoiYjgzYmU3ODEtZGYwMS00MDcyLWFhZmYtYTNkZWMzZWI4ZTA1IiwicXMiOnt9LCJyciI6IiIsInZoIjoiIiwiY3YiOiIiLCJjcyI6IiJ90#ctx=eyJTaWduSW5Db29raWVEb21haW5zIjpbImh0dHBzOi8vbG9naW4ubWljcm9zb2Z0b25saW5lLmNvbSIsImh0dHBzOi8vbG9naW4ubWljcm9zb2Z0b25saW5lLmNvbSJdfQ2' successfully

2018-02-07 18:52:57 - [MESSAGE][PASSED] - Navigate to 'https://app.vssps.visualstudio.com/_signin?realm=easyedsaad.visualstudio.com&reply_to=https%3A%2F%2Feasyedsaad.visualstudio.com%2F_projects&redirect=1&context=eyJodCI6MiwiaGlkIjoiYjgzYmU3ODEtZGYwMS00MDcyLWFhZmYtYTNkZWMzZWI4ZTA1IiwicXMiOnt9LCJyciI6IiIsInZoIjoiIiwiY3YiOiIiLCJjcyI6IiJ90#ctx=eyJTaWduSW5Db29raWVEb21haW5zIjpbImh0dHBzOi8vbG9naW4ubWljcm9zb2Z0b25saW5lLmNvbSIsImh0dHBzOi8vbG9naW4ubWljcm9zb2Z0b25saW5lLmNvbSJdfQ2' successfully

2018-02-07 18:52:57 - [TEST_STEP][PASSED] - maximizeWindow: Current window maximized

2018-02-07 18:52:58 - [MESSAGE][PASSED] - Current window maximized

2018-02-07 18:52:58 - [TEST_STEP][PASSED] - setText: Text 'arsalan.mushtaq@edevtech.com' is set on object 'Object Repository/VSTS login/Page_Sign in to your Microsoft acco/input_loginfmt'

2018-02-07 18:53:05 - [MESSAGE][PASSED] - Text 'arsalan.mushtaq@edevtech.com' is set on object 'Object Repository/VSTS login/Page_Sign in to your Microsoft acco/input_loginfmt'

2018-02-07 18:53:05 - [TEST_STEP][PASSED] - sendKeys: Keys 'ENTER + ' sent to object: 'Object Repository/VSTS login/Page_Sign in to your Microsoft acco/input_loginfmt'

2018-02-07 18:53:07 - [MESSAGE][PASSED] - Keys 'ENTER + ' sent to object: 'Object Repository/VSTS login/Page_Sign in to your Microsoft acco/input_loginfmt'

2018-02-07 18:53:07 - [TEST_STEP][FAILED] - setText: Unable to set text 'inte1GREAT' of object 'Object Repository/VSTS login/Page_Sign in to your Microsoft acco/input_passwd' (Root cause: org.openqa.selenium.WebDriverException: Failed to decode response from marionette
Build info: version: '3.7.1', revision: '8a0099a', time: '2017-11-06T21:07:36.161Z'
System info: host: 'ARSALANMUSHTAQ', ip: '192.168.117.1', os.name: 'Windows 10', os.arch: 'amd64', os.version: '10.0', java.version: '1.8.0_102'
Driver info: com.kms.katalon.core.webui.driver.firefox.CGeckoDriver
Capabilities {acceptInsecureCerts: true, browserName: firefox, browserVersion: 57.0.4, javascriptEnabled: true, moz:accessibilityChecks: false, moz:headless: false, moz:processID: 17228, moz:profile: C:\Users\arsalan\AppData\Lo..., moz:webdriverClick: false, pageLoadStrategy: normal, platform: XP, platformName: XP, platformVersion: 10.0, proxy: Proxy(direct), rotatable: false, timeouts: {implicit: 0, pageLoad: 300000, script: 30000}}
Session ID: 6afb02e7-20b3-40ff-a198-2822b7404b01
*** Element info: {Using=xpath, value=//input[@name = 'passwd' and @type = 'password' and @id = 'i0118' and @placeholder = 'Password']})

2018-02-07 18:53:09 - [MESSAGE][WARNING] - Cannot take screenshot

2018-02-07 18:53:09 - [MESSAGE][FAILED] - Unable to set text 'inte1GREAT' of object 'Object Repository/VSTS login/Page_Sign in to your Microsoft acco/input_passwd' (Root cause: org.openqa.selenium.WebDriverException: Failed to decode response from marionette
Build info: version: '3.7.1', revision: '8a0099a', time: '2017-11-06T21:07:36.161Z'
System info: host: 'ARSALANMUSHTAQ', ip: '192.168.117.1', os.name: 'Windows 10', os.arch: 'amd64', os.version: '10.0', java.version: '1.8.0_102'
Driver info: com.kms.katalon.core.webui.driver.firefox.CGeckoDriver
Capabilities {acceptInsecureCerts: true, browserName: firefox, browserVersion: 57.0.4, javascriptEnabled: true, moz:accessibilityChecks: false, moz:headless: false, moz:processID: 17228, moz:profile: C:\Users\arsalan\AppData\Lo..., moz:webdriverClick: false, pageLoadStrategy: normal, platform: XP, platformName: XP, platformVersion: 10.0, proxy: Proxy(direct), rotatable: false, timeouts: {implicit: 0, pageLoad: 300000, script: 30000}}
Session ID: 6afb02e7-20b3-40ff-a198-2822b7404b01
*** Element info: {Using=xpath, value=//input[@name = 'passwd' and @type = 'password' and @id = 'i0118' and @placeholder = 'Password']})]]></system-out>
         <system-err><![CDATA[2018-02-07 18:52:33 - [TEST_CASE][FAILED] - Test Cases/Common Test Cases/login from VSTS: Test Cases/Common Test Cases/login from VSTS FAILED because (of) Unable to set text 'inte1GREAT' of object 'Object Repository/VSTS login/Page_Sign in to your Microsoft acco/input_passwd' (Root cause: org.openqa.selenium.WebDriverException: Failed to decode response from marionette
Build info: version: '3.7.1', revision: '8a0099a', time: '2017-11-06T21:07:36.161Z'
System info: host: 'ARSALANMUSHTAQ', ip: '192.168.117.1', os.name: 'Windows 10', os.arch: 'amd64', os.version: '10.0', java.version: '1.8.0_102'
Driver info: com.kms.katalon.core.webui.driver.firefox.CGeckoDriver
Capabilities {acceptInsecureCerts: true, browserName: firefox, browserVersion: 57.0.4, javascriptEnabled: true, moz:accessibilityChecks: false, moz:headless: false, moz:processID: 17228, moz:profile: C:\Users\arsalan\AppData\Lo..., moz:webdriverClick: false, pageLoadStrategy: normal, platform: XP, platformName: XP, platformVersion: 10.0, proxy: Proxy(direct), rotatable: false, timeouts: {implicit: 0, pageLoad: 300000, script: 30000}}
Session ID: 6afb02e7-20b3-40ff-a198-2822b7404b01
*** Element info: {Using=xpath, value=//input[@name = 'passwd' and @type = 'password' and @id = 'i0118' and @placeholder = 'Password']})]]></system-err>
      </testcase>
      <system-out><![CDATA[2018-02-07 18:52:33 - [TEST_SUITE][FAILED] - New Test Suite: Test Cases/Common Test Cases/login from VSTS FAILED because (of) Unable to set text 'inte1GREAT' of object 'Object Repository/VSTS login/Page_Sign in to your Microsoft acco/input_passwd' (Root cause: org.openqa.selenium.WebDriverException: Failed to decode response from marionette
Build info: version: '3.7.1', revision: '8a0099a', time: '2017-11-06T21:07:36.161Z'
System info: host: 'ARSALANMUSHTAQ', ip: '192.168.117.1', os.name: 'Windows 10', os.arch: 'amd64', os.version: '10.0', java.version: '1.8.0_102'
Driver info: com.kms.katalon.core.webui.driver.firefox.CGeckoDriver
Capabilities {acceptInsecureCerts: true, browserName: firefox, browserVersion: 57.0.4, javascriptEnabled: true, moz:accessibilityChecks: false, moz:headless: false, moz:processID: 17228, moz:profile: C:\Users\arsalan\AppData\Lo..., moz:webdriverClick: false, pageLoadStrategy: normal, platform: XP, platformName: XP, platformVersion: 10.0, proxy: Proxy(direct), rotatable: false, timeouts: {implicit: 0, pageLoad: 300000, script: 30000}}
Session ID: 6afb02e7-20b3-40ff-a198-2822b7404b01
*** Element info: {Using=xpath, value=//input[@name = 'passwd' and @type = 'password' and @id = 'i0118' and @placeholder = 'Password']})]]></system-out>
      <system-err><![CDATA[2018-02-07 18:52:33 - [TEST_SUITE][FAILED] - New Test Suite: Test Cases/Common Test Cases/login from VSTS FAILED because (of) Unable to set text 'inte1GREAT' of object 'Object Repository/VSTS login/Page_Sign in to your Microsoft acco/input_passwd' (Root cause: org.openqa.selenium.WebDriverException: Failed to decode response from marionette
Build info: version: '3.7.1', revision: '8a0099a', time: '2017-11-06T21:07:36.161Z'
System info: host: 'ARSALANMUSHTAQ', ip: '192.168.117.1', os.name: 'Windows 10', os.arch: 'amd64', os.version: '10.0', java.version: '1.8.0_102'
Driver info: com.kms.katalon.core.webui.driver.firefox.CGeckoDriver
Capabilities {acceptInsecureCerts: true, browserName: firefox, browserVersion: 57.0.4, javascriptEnabled: true, moz:accessibilityChecks: false, moz:headless: false, moz:processID: 17228, moz:profile: C:\Users\arsalan\AppData\Lo..., moz:webdriverClick: false, pageLoadStrategy: normal, platform: XP, platformName: XP, platformVersion: 10.0, proxy: Proxy(direct), rotatable: false, timeouts: {implicit: 0, pageLoad: 300000, script: 30000}}
Session ID: 6afb02e7-20b3-40ff-a198-2822b7404b01
*** Element info: {Using=xpath, value=//input[@name = 'passwd' and @type = 'password' and @id = 'i0118' and @placeholder = 'Password']})]]></system-err>
   </testsuite>
</testsuites>
