<?xml version="1.0" encoding="UTF-8"?>
<testsuites name="New Test Suite" time="10" tests="0" failures="1" errors="0">
   <testsuite name="New Test Suite" tests="0" failures="1" errors="0" time="10" timestamp="2018-02-07 18:52:33" hostname="arsalan - ArsalanMushtaq.edevtech.com" id="Test Suites/New Test Suite">
      <properties>
         <property name="deviceName" value=""/>
         <property name="devicePlatform" value=""/>
         <property name="logFolder" value="C:\\Users\\arsalan\\Katalon Studio\\test 2\\Reports\\New Test Suite\\20180207_185226"/>
         <property name="logFiles" value="C:\\Users\\arsalan\\Katalon Studio\\test 2\\Reports\\New Test Suite\\20180207_185226\\execution0.log, C:\\Users\\arsalan\\Katalon Studio\\test 2\\Reports\\New Test Suite\\20180207_185226\\IEDriverServer.log"/>
         <property name="attachments" value=""/>
         <property name="hostName" value="arsalan - ArsalanMushtaq.edevtech.com"/>
         <property name="os" value="Windows 10 64bit"/>
         <property name="katalonVersion" value="5.3.0.1"/>
         <property name="browser" value="IE 11"/>
         <property name="hostAddress" value="192.168.117.1"/>
         <property name="sessionId" value="269553f6-ab6f-4a14-b897-e28ea7711afb"/>
         <property name="seleniumVersion" value="3.7.1"/>
         <property name="proxyInformation" value="ProxyInformation{proxyOption=NO_PROXY, proxyServerType=HTTP, password=, proxyServerAddress=, proxyServerPort=0}"/>
         <property name="platform" value="Windows 10"/>
      </properties>
      <testcase name="Test Cases/Common Test Cases/login from VSTS" classname="Test Cases/Common Test Cases/login from VSTS" status="FAILED">
         <failure type="FAILED" message="Unable to maximize current window (Root cause: org.openqa.selenium.NoSuchWindowException: Error retrieving window
Build info: version: '3.7.1', revision: '8a0099a', time: '2017-11-06T21:07:36.161Z'
System info: host: 'ARSALANMUSHTAQ', ip: '192.168.117.1', os.name: 'Windows 10', os.arch: 'amd64', os.version: '10.0', java.version: '1.8.0_102'
Driver info: com.kms.katalon.selenium.driver.CInternetExplorerDriver
Capabilities {acceptInsecureCerts: false, browserName: internet explorer, browserVersion: 11, javascriptEnabled: true, pageLoadStrategy: normal, platform: WINDOWS, platformName: WINDOWS, se:ieOptions: {browserAttachTimeout: 0, elementScrollBehavior: 0, enablePersistentHover: true, ie.browserCommandLineSwitches: , ie.ensureCleanSession: false, ie.fileUploadDialogTimeout: 3000, ie.forceCreateProcessApi: false, ignoreProtectedModeSettings: false, ignoreZoomSetting: false, initialBrowserUrl: http://localhost:35738/, nativeEvents: true, requireWindowFocus: false}, setWindowRect: true}
Session ID: 269553f6-ab6f-4a14-b897-e28ea7711afb)"/>
         <system-out><![CDATA[2018-02-07 18:52:33 - [TEST_CASE][FAILED] - Test Cases/Common Test Cases/login from VSTS: Test Cases/Common Test Cases/login from VSTS FAILED because (of) Unable to maximize current window (Root cause: org.openqa.selenium.NoSuchWindowException: Error retrieving window
Build info: version: '3.7.1', revision: '8a0099a', time: '2017-11-06T21:07:36.161Z'
System info: host: 'ARSALANMUSHTAQ', ip: '192.168.117.1', os.name: 'Windows 10', os.arch: 'amd64', os.version: '10.0', java.version: '1.8.0_102'
Driver info: com.kms.katalon.selenium.driver.CInternetExplorerDriver
Capabilities {acceptInsecureCerts: false, browserName: internet explorer, browserVersion: 11, javascriptEnabled: true, pageLoadStrategy: normal, platform: WINDOWS, platformName: WINDOWS, se:ieOptions: {browserAttachTimeout: 0, elementScrollBehavior: 0, enablePersistentHover: true, ie.browserCommandLineSwitches: , ie.ensureCleanSession: false, ie.fileUploadDialogTimeout: 3000, ie.forceCreateProcessApi: false, ignoreProtectedModeSettings: false, ignoreZoomSetting: false, initialBrowserUrl: http://localhost:35738/, nativeEvents: true, requireWindowFocus: false}, setWindowRect: true}
Session ID: 269553f6-ab6f-4a14-b897-e28ea7711afb)

2018-02-07 18:52:34 - [TEST_STEP][PASSED] - openBrowser: Browser is opened with url: ''

2018-02-07 18:52:40 - [MESSAGE][PASSED] - Browser is opened with url: ''

2018-02-07 18:52:40 - [TEST_STEP][PASSED] - navigateToUrl: Navigate to 'https://app.vssps.visualstudio.com/_signin?realm=easyedsaad.visualstudio.com&reply_to=https%3A%2F%2Feasyedsaad.visualstudio.com%2F_projects&redirect=1&context=eyJodCI6MiwiaGlkIjoiYjgzYmU3ODEtZGYwMS00MDcyLWFhZmYtYTNkZWMzZWI4ZTA1IiwicXMiOnt9LCJyciI6IiIsInZoIjoiIiwiY3YiOiIiLCJjcyI6IiJ90#ctx=eyJTaWduSW5Db29raWVEb21haW5zIjpbImh0dHBzOi8vbG9naW4ubWljcm9zb2Z0b25saW5lLmNvbSIsImh0dHBzOi8vbG9naW4ubWljcm9zb2Z0b25saW5lLmNvbSJdfQ2' successfully

2018-02-07 18:52:42 - [MESSAGE][PASSED] - Navigate to 'https://app.vssps.visualstudio.com/_signin?realm=easyedsaad.visualstudio.com&reply_to=https%3A%2F%2Feasyedsaad.visualstudio.com%2F_projects&redirect=1&context=eyJodCI6MiwiaGlkIjoiYjgzYmU3ODEtZGYwMS00MDcyLWFhZmYtYTNkZWMzZWI4ZTA1IiwicXMiOnt9LCJyciI6IiIsInZoIjoiIiwiY3YiOiIiLCJjcyI6IiJ90#ctx=eyJTaWduSW5Db29raWVEb21haW5zIjpbImh0dHBzOi8vbG9naW4ubWljcm9zb2Z0b25saW5lLmNvbSIsImh0dHBzOi8vbG9naW4ubWljcm9zb2Z0b25saW5lLmNvbSJdfQ2' successfully

2018-02-07 18:52:42 - [TEST_STEP][FAILED] - maximizeWindow: Unable to maximize current window (Root cause: org.openqa.selenium.NoSuchWindowException: Error retrieving window
Build info: version: '3.7.1', revision: '8a0099a', time: '2017-11-06T21:07:36.161Z'
System info: host: 'ARSALANMUSHTAQ', ip: '192.168.117.1', os.name: 'Windows 10', os.arch: 'amd64', os.version: '10.0', java.version: '1.8.0_102'
Driver info: com.kms.katalon.selenium.driver.CInternetExplorerDriver
Capabilities {acceptInsecureCerts: false, browserName: internet explorer, browserVersion: 11, javascriptEnabled: true, pageLoadStrategy: normal, platform: WINDOWS, platformName: WINDOWS, se:ieOptions: {browserAttachTimeout: 0, elementScrollBehavior: 0, enablePersistentHover: true, ie.browserCommandLineSwitches: , ie.ensureCleanSession: false, ie.fileUploadDialogTimeout: 3000, ie.forceCreateProcessApi: false, ignoreProtectedModeSettings: false, ignoreZoomSetting: false, initialBrowserUrl: http://localhost:35738/, nativeEvents: true, requireWindowFocus: false}, setWindowRect: true}
Session ID: 269553f6-ab6f-4a14-b897-e28ea7711afb)

2018-02-07 18:52:44 - [MESSAGE][WARNING] - Cannot take screenshot

2018-02-07 18:52:44 - [MESSAGE][FAILED] - Unable to maximize current window (Root cause: org.openqa.selenium.NoSuchWindowException: Error retrieving window
Build info: version: '3.7.1', revision: '8a0099a', time: '2017-11-06T21:07:36.161Z'
System info: host: 'ARSALANMUSHTAQ', ip: '192.168.117.1', os.name: 'Windows 10', os.arch: 'amd64', os.version: '10.0', java.version: '1.8.0_102'
Driver info: com.kms.katalon.selenium.driver.CInternetExplorerDriver
Capabilities {acceptInsecureCerts: false, browserName: internet explorer, browserVersion: 11, javascriptEnabled: true, pageLoadStrategy: normal, platform: WINDOWS, platformName: WINDOWS, se:ieOptions: {browserAttachTimeout: 0, elementScrollBehavior: 0, enablePersistentHover: true, ie.browserCommandLineSwitches: , ie.ensureCleanSession: false, ie.fileUploadDialogTimeout: 3000, ie.forceCreateProcessApi: false, ignoreProtectedModeSettings: false, ignoreZoomSetting: false, initialBrowserUrl: http://localhost:35738/, nativeEvents: true, requireWindowFocus: false}, setWindowRect: true}
Session ID: 269553f6-ab6f-4a14-b897-e28ea7711afb)]]></system-out>
         <system-err><![CDATA[2018-02-07 18:52:33 - [TEST_CASE][FAILED] - Test Cases/Common Test Cases/login from VSTS: Test Cases/Common Test Cases/login from VSTS FAILED because (of) Unable to maximize current window (Root cause: org.openqa.selenium.NoSuchWindowException: Error retrieving window
Build info: version: '3.7.1', revision: '8a0099a', time: '2017-11-06T21:07:36.161Z'
System info: host: 'ARSALANMUSHTAQ', ip: '192.168.117.1', os.name: 'Windows 10', os.arch: 'amd64', os.version: '10.0', java.version: '1.8.0_102'
Driver info: com.kms.katalon.selenium.driver.CInternetExplorerDriver
Capabilities {acceptInsecureCerts: false, browserName: internet explorer, browserVersion: 11, javascriptEnabled: true, pageLoadStrategy: normal, platform: WINDOWS, platformName: WINDOWS, se:ieOptions: {browserAttachTimeout: 0, elementScrollBehavior: 0, enablePersistentHover: true, ie.browserCommandLineSwitches: , ie.ensureCleanSession: false, ie.fileUploadDialogTimeout: 3000, ie.forceCreateProcessApi: false, ignoreProtectedModeSettings: false, ignoreZoomSetting: false, initialBrowserUrl: http://localhost:35738/, nativeEvents: true, requireWindowFocus: false}, setWindowRect: true}
Session ID: 269553f6-ab6f-4a14-b897-e28ea7711afb)]]></system-err>
      </testcase>
      <system-out><![CDATA[2018-02-07 18:52:33 - [TEST_SUITE][FAILED] - New Test Suite: Test Cases/Common Test Cases/login from VSTS FAILED because (of) Unable to maximize current window (Root cause: org.openqa.selenium.NoSuchWindowException: Error retrieving window
Build info: version: '3.7.1', revision: '8a0099a', time: '2017-11-06T21:07:36.161Z'
System info: host: 'ARSALANMUSHTAQ', ip: '192.168.117.1', os.name: 'Windows 10', os.arch: 'amd64', os.version: '10.0', java.version: '1.8.0_102'
Driver info: com.kms.katalon.selenium.driver.CInternetExplorerDriver
Capabilities {acceptInsecureCerts: false, browserName: internet explorer, browserVersion: 11, javascriptEnabled: true, pageLoadStrategy: normal, platform: WINDOWS, platformName: WINDOWS, se:ieOptions: {browserAttachTimeout: 0, elementScrollBehavior: 0, enablePersistentHover: true, ie.browserCommandLineSwitches: , ie.ensureCleanSession: false, ie.fileUploadDialogTimeout: 3000, ie.forceCreateProcessApi: false, ignoreProtectedModeSettings: false, ignoreZoomSetting: false, initialBrowserUrl: http://localhost:35738/, nativeEvents: true, requireWindowFocus: false}, setWindowRect: true}
Session ID: 269553f6-ab6f-4a14-b897-e28ea7711afb)]]></system-out>
      <system-err><![CDATA[2018-02-07 18:52:33 - [TEST_SUITE][FAILED] - New Test Suite: Test Cases/Common Test Cases/login from VSTS FAILED because (of) Unable to maximize current window (Root cause: org.openqa.selenium.NoSuchWindowException: Error retrieving window
Build info: version: '3.7.1', revision: '8a0099a', time: '2017-11-06T21:07:36.161Z'
System info: host: 'ARSALANMUSHTAQ', ip: '192.168.117.1', os.name: 'Windows 10', os.arch: 'amd64', os.version: '10.0', java.version: '1.8.0_102'
Driver info: com.kms.katalon.selenium.driver.CInternetExplorerDriver
Capabilities {acceptInsecureCerts: false, browserName: internet explorer, browserVersion: 11, javascriptEnabled: true, pageLoadStrategy: normal, platform: WINDOWS, platformName: WINDOWS, se:ieOptions: {browserAttachTimeout: 0, elementScrollBehavior: 0, enablePersistentHover: true, ie.browserCommandLineSwitches: , ie.ensureCleanSession: false, ie.fileUploadDialogTimeout: 3000, ie.forceCreateProcessApi: false, ignoreProtectedModeSettings: false, ignoreZoomSetting: false, initialBrowserUrl: http://localhost:35738/, nativeEvents: true, requireWindowFocus: false}, setWindowRect: true}
Session ID: 269553f6-ab6f-4a14-b897-e28ea7711afb)]]></system-err>
   </testsuite>
</testsuites>
